<?xml version="1.0" encoding="UTF-8"?>
<!-- Generated by org.testng.reporters.JUnitReportReporter -->
<testsuite hostname="THBSLAPTOP-452" name="testngDemo.Demo1" tests="3" failures="0" timestamp="15 Dec 2019 08:02:17 GMT" time="0.018" errors="0">
  <testcase name="checkPAReg" time="0.003" classname="testngDemo.Demo1"/>
  <testcase name="checkLifeReg" time="0.009" classname="testngDemo.Demo1"/>
  <testcase name="checkHPReg" time="0.006" classname="testngDemo.Demo1"/>
</testsuite> <!-- testngDemo.Demo1 -->
