<?xml version="1.0" encoding="UTF-8"?>
<!-- Generated by org.testng.reporters.JUnitReportReporter -->
<testsuite hostname="THBSLAPTOP-452" name="testngDemo.Demo2" tests="3" failures="0" timestamp="15 Dec 2019 08:02:17 GMT" time="0.005" errors="0">
  <testcase name="checkHPDereg" time="0.001" classname="testngDemo.Demo2"/>
  <testcase name="checkLifeDereg" time="0.002" classname="testngDemo.Demo2"/>
  <testcase name="checkPADereg" time="0.002" classname="testngDemo.Demo2"/>
</testsuite> <!-- testngDemo.Demo2 -->
