<?xml version="1.0" encoding="UTF-8"?>
<!-- Generated by org.testng.reporters.JUnitReportReporter -->
<testsuite hostname="THBSLAPTOP-452" name="locators.LocatorsDemo" tests="1" failures="0" timestamp="24 Dec 2019 17:05:08 GMT" time="10.381" errors="0">
  <testcase name="checkWait" time="10.381" classname="locators.LocatorsDemo"/>
</testsuite> <!-- locators.LocatorsDemo -->
