<?xml version="1.0" encoding="UTF-8"?>
<!-- Generated by org.testng.reporters.JUnitReportReporter -->
<testsuite hostname="THBSLAPTOP-452" name="testngDemo.MISLoginPage" tests="1" failures="0" timestamp="22 Dec 2019 07:08:54 GMT" time="14.960" errors="0">
  <testcase name="checkLogin" time="14.960" classname="testngDemo.MISLoginPage"/>
</testsuite> <!-- testngDemo.MISLoginPage -->
